<?xml version="1.0" encoding="UTF-8"?>
<testsuite xmlns:xsi="http://www.w3.org/2001/XMLSchema-instance" xsi:noNamespaceSchemaLocation="https://maven.apache.org/surefire/maven-surefire-plugin/xsd/surefire-test-report.xsd" version="3.0.2" name="TestSuite" time="1.949" tests="4" errors="0" skipped="0" failures="0">
  <properties>
    <property name="java.specification.version" value="21"/>
    <property name="sun.jnu.encoding" value="UTF-8"/>
    <property name="java.class.path" value="/Users/filla/mvn3/boot/plexus-classworlds-2.8.0.jar"/>
    <property name="java.vm.vendor" value="Microsoft"/>
    <property name="sun.arch.data.model" value="64"/>
    <property name="java.vendor.url" value="https://www.microsoft.com"/>
    <property name="user.timezone" value="Asia/Jakarta"/>
    <property name="maven.conf" value="/Users/filla/mvn3/conf"/>
    <property name="java.vm.specification.version" value="21"/>
    <property name="os.name" value="Mac OS X"/>
    <property name="sun.java.launcher" value="SUN_STANDARD"/>
    <property name="user.country" value="US"/>
    <property name="sun.boot.library.path" value="/Users/filla/jdk21/lib"/>
    <property name="sun.java.command" value="org.codehaus.plexus.classworlds.launcher.Launcher install -DsuiteXml=src/test/resources/restassured_suite.xml"/>
    <property name="http.nonProxyHosts" value="local|*.local|169.254/16|*.169.254/16"/>
    <property name="jdk.debug" value="release"/>
    <property name="maven.home" value="/Users/filla/mvn3"/>
    <property name="surefire.test.class.path" value="/Users/filla/bootcamp-batch3/target/test-classes:/Users/filla/bootcamp-batch3/target/classes:/Users/filla/.m2/repository/org/testng/testng/7.11.0/testng-7.11.0.jar:/Users/filla/.m2/repository/org/slf4j/slf4j-api/2.0.16/slf4j-api-2.0.16.jar:/Users/filla/.m2/repository/org/jcommander/jcommander/1.83/jcommander-1.83.jar:/Users/filla/.m2/repository/org/webjars/jquery/3.7.1/jquery-3.7.1.jar:/Users/filla/.m2/repository/io/rest-assured/rest-assured/5.5.1/rest-assured-5.5.1.jar:/Users/filla/.m2/repository/org/apache/groovy/groovy/4.0.22/groovy-4.0.22.jar:/Users/filla/.m2/repository/org/apache/groovy/groovy-xml/4.0.22/groovy-xml-4.0.22.jar:/Users/filla/.m2/repository/org/apache/httpcomponents/httpclient/4.5.13/httpclient-4.5.13.jar:/Users/filla/.m2/repository/org/apache/httpcomponents/httpcore/4.4.13/httpcore-4.4.13.jar:/Users/filla/.m2/repository/commons-logging/commons-logging/1.2/commons-logging-1.2.jar:/Users/filla/.m2/repository/commons-codec/commons-codec/1.11/commons-codec-1.11.jar:/Users/filla/.m2/repository/org/apache/httpcomponents/httpmime/4.5.13/httpmime-4.5.13.jar:/Users/filla/.m2/repository/org/hamcrest/hamcrest/2.2/hamcrest-2.2.jar:/Users/filla/.m2/repository/org/ccil/cowan/tagsoup/tagsoup/1.2.1/tagsoup-1.2.1.jar:/Users/filla/.m2/repository/io/rest-assured/json-path/5.5.1/json-path-5.5.1.jar:/Users/filla/.m2/repository/org/apache/groovy/groovy-json/4.0.22/groovy-json-4.0.22.jar:/Users/filla/.m2/repository/io/rest-assured/rest-assured-common/5.5.1/rest-assured-common-5.5.1.jar:/Users/filla/.m2/repository/io/rest-assured/xml-path/5.5.1/xml-path-5.5.1.jar:/Users/filla/.m2/repository/org/apache/commons/commons-lang3/3.16.0/commons-lang3-3.16.0.jar:"/>
    <property name="sun.cpu.endian" value="little"/>
    <property name="user.home" value="/Users/filla"/>
    <property name="user.language" value="en"/>
    <property name="java.specification.vendor" value="Oracle Corporation"/>
    <property name="java.version.date" value="2025-04-15"/>
    <property name="java.home" value="/Users/filla/jdk21"/>
    <property name="file.separator" value="/"/>
    <property name="basedir" value="/Users/filla/bootcamp-batch3"/>
    <property name="java.vm.compressedOopsMode" value="Zero based"/>
    <property name="line.separator" value="&#10;"/>
    <property name="java.vm.specification.vendor" value="Oracle Corporation"/>
    <property name="java.specification.name" value="Java Platform API Specification"/>
    <property name="apple.awt.application.name" value="Launcher"/>
    <property name="sun.management.compiler" value="HotSpot 64-Bit Tiered Compilers"/>
    <property name="ftp.nonProxyHosts" value="local|*.local|169.254/16|*.169.254/16"/>
    <property name="java.runtime.version" value="21.0.7+6-LTS"/>
    <property name="user.name" value="filla"/>
    <property name="stdout.encoding" value="UTF-8"/>
    <property name="path.separator" value=":"/>
    <property name="os.version" value="14.6.1"/>
    <property name="java.runtime.name" value="OpenJDK Runtime Environment"/>
    <property name="file.encoding" value="UTF-8"/>
    <property name="guice.disable.misplaced.annotation.check" value="true"/>
    <property name="java.vm.name" value="OpenJDK 64-Bit Server VM"/>
    <property name="java.vendor.version" value="Microsoft-11369939"/>
    <property name="localRepository" value="/Users/filla/.m2/repository"/>
    <property name="java.vendor.url.bug" value="https://github.com/microsoft/openjdk/issues"/>
    <property name="suiteXml" value="src/test/resources/restassured_suite.xml"/>
    <property name="java.io.tmpdir" value="/var/folders/sz/55d2p8_12pb34m5j_tg3wp7c0000gq/T/"/>
    <property name="java.version" value="21.0.7"/>
    <property name="user.dir" value="/Users/filla/bootcamp-batch3"/>
    <property name="os.arch" value="aarch64"/>
    <property name="maven.multiModuleProjectDirectory" value="/Users/filla/bootcamp-batch3"/>
    <property name="java.vm.specification.name" value="Java Virtual Machine Specification"/>
    <property name="native.encoding" value="UTF-8"/>
    <property name="java.library.path" value="/Users/filla/Library/Java/Extensions:/Library/Java/Extensions:/Network/Library/Java/Extensions:/System/Library/Java/Extensions:/usr/lib/java:."/>
    <property name="java.vm.info" value="mixed mode, sharing"/>
    <property name="stderr.encoding" value="UTF-8"/>
    <property name="java.vendor" value="Microsoft"/>
    <property name="java.vm.version" value="21.0.7+6-LTS"/>
    <property name="classworlds.conf" value="/Users/filla/mvn3/bin/m2.conf"/>
    <property name="sun.io.unicode.encoding" value="UnicodeBig"/>
    <property name="library.jansi.path" value="/Users/filla/mvn3/lib/jansi-native"/>
    <property name="socksNonProxyHosts" value="local|*.local|169.254/16|*.169.254/16"/>
    <property name="java.class.version" value="65.0"/>
  </properties>
  <testcase name="addEmployeeTest" classname="restassured.NewEmployeeTest" time="0.257">
    <system-out><![CDATA[Request method:	POST
Request URI:	https://whitesmokehouse.com/webhook/employee/login
Proxy:			<none>
Request params:	<none>
Query params:	<none>
Form params:	<none>
Path params:	<none>
Headers:		Accept=*/*
				Content-Type=application/json
Cookies:		<none>
Multiparts:		<none>
Body:
{
    "email": "test2@test.com",
    "password": "test"
}
eyJhbGciOiJIUzI1NiIsInR5cCI6IkpXVCJ9.eyJpZCI6IjgiLCJpYXQiOjE3NDczMTg3OTN9.w15pLNRsfa99Lf0Bwp5YQofANkUgaeIbBldbOlBMcww
addEmployeeTest starting....
Request method:	POST
Request URI:	https://whitesmokehouse.com/webhook/employee/add
Proxy:			<none>
Request params:	<none>
Query params:	<none>
Form params:	<none>
Path params:	<none>
Headers:		Accept=*/*
				Content-Type=application/json
Cookies:		<none>
Multiparts:		<none>
Body:
{
    "email": "test10@test.com",
    "password": "test4",
    "full_name": "test name",
    "department": "IT",
    "title": "QA"
}
Request method:	GET
Request URI:	https://whitesmokehouse.com/webhook/employee/get
Proxy:			<none>
Request params:	<none>
Query params:	<none>
Form params:	<none>
Path params:	<none>
Headers:		Authorization=Bearer eyJhbGciOiJIUzI1NiIsInR5cCI6IkpXVCJ9.eyJpZCI6IjgiLCJpYXQiOjE3NDczMTg3OTN9.w15pLNRsfa99Lf0Bwp5YQofANkUgaeIbBldbOlBMcww
				Accept=*/*
Cookies:		<none>
Multiparts:		<none>
Body:			<none>
[
    {
        "id": 30,
        "email": "test10@test.com",
        "password_hash": "86985e105f79b95d6bc918fb45ec7727",
        "full_name": "test name",
        "department": "IT",
        "title": "QA",
        "create_at": "2025-05-15T14:19:54.454Z",
        "update_at": "2025-05-15T14:19:54.454Z"
    }
]
[
    {
        "id": 30,
        "email": "test10@test.com",
        "password_hash": "86985e105f79b95d6bc918fb45ec7727",
        "full_name": "test name",
        "department": "IT",
        "title": "QA",
        "create_at": "2025-05-15T14:19:54.454Z",
        "update_at": "2025-05-15T14:19:54.454Z"
    }
]
]]></system-out>
    <system-err><![CDATA[SLF4J(W): No SLF4J providers were found.
SLF4J(W): Defaulting to no-operation (NOP) logger implementation
SLF4J(W): See https://www.slf4j.org/codes.html#noProviders for further details.
]]></system-err>
  </testcase>
  <testcase name="loginEmployeeTest" classname="restassured.NewEmployeeTest" time="0.208">
    <system-out><![CDATA[eyJhbGciOiJIUzI1NiIsInR5cCI6IkpXVCJ9.eyJpZCI6IjMwIiwiaWF0IjoxNzQ3MzE4Nzk0fQ.66XXbRaf6f7A90afT40YNs6RQEfHvgG3GiiU62Yqg9M
]]></system-out>
  </testcase>
  <testcase name="deleteEmployeeTest" classname="restassured.NewEmployeeTest" time="0.199">
    <system-out><![CDATA[deleteEmployeeTest starting....
Request method:	DELETE
Request URI:	https://whitesmokehouse.com/webhook/employee/delete
Proxy:			<none>
Request params:	<none>
Query params:	<none>
Form params:	<none>
Path params:	<none>
Headers:		Authorization=Bearer eyJhbGciOiJIUzI1NiIsInR5cCI6IkpXVCJ9.eyJpZCI6IjMwIiwiaWF0IjoxNzQ3MzE4Nzk0fQ.66XXbRaf6f7A90afT40YNs6RQEfHvgG3GiiU62Yqg9M
				Accept=*/*
Cookies:		<none>
Multiparts:		<none>
Body:			<none>
]]></system-out>
  </testcase>
  <testcase name="getCurrentEmployeeTest" classname="restassured.EmployeeTest" time="0.005">
    <system-out><![CDATA[loginEmployeeTest starting....
Request method:	POST
Request URI:	https://whitesmokehouse.com/webhook/employee/login
Proxy:			<none>
Request params:	<none>
Query params:	<none>
Form params:	<none>
Path params:	<none>
Headers:		Accept=*/*
				Content-Type=application/json
Cookies:		<none>
Multiparts:		<none>
Body:
{
    "email": "test10@test.com",
    "password": "test4"
}
]]></system-out>
  </testcase>
</testsuite>