<?xml version="1.0" encoding="UTF-8"?>
<!-- Generated by org.testng.reporters.JUnitReportReporter -->
<testsuite hostname="TWXJ61Q6HR" failures="0" tests="3" name="restassured.NewEmployeeTest" time="0.664" errors="0" timestamp="2025-05-15T21:19:54 WIB" skipped="0">
  <testcase classname="restassured.NewEmployeeTest" name="deleteEmployeeTest" time="0.199"/>
  <testcase classname="restassured.NewEmployeeTest" name="loginEmployeeTest" time="0.208"/>
  <testcase classname="restassured.NewEmployeeTest" name="addEmployeeTest" time="0.257"/>
</testsuite> <!-- restassured.NewEmployeeTest -->
