<?xml version="1.0" encoding="UTF-8"?>
<!-- Generated by org.testng.reporters.JUnitReportReporter -->
<testsuite hostname="TWXJ61Q6HR" failures="0" tests="1" name="restassured.EmployeeTest" time="0.264" errors="0" timestamp="2025-05-15T21:19:54 WIB" skipped="0">
  <testcase classname="restassured.EmployeeTest" name="getCurrentEmployeeTest" time="0.264"/>
</testsuite> <!-- restassured.EmployeeTest -->
